<?xml version="1.0" encoding="UTF-8"?>
<testng-results skipped="0" failed="0" ignored="0" total="1" passed="1">
  <reporter-output>
  </reporter-output>
  <suite name="Suite" duration-ms="13102" started-at="2020-09-02T23:24:19 CDT" finished-at="2020-09-02T23:24:32 CDT">
    <groups>
    </groups>
    <test name="Test" duration-ms="13102" started-at="2020-09-02T23:24:19 CDT" finished-at="2020-09-02T23:24:32 CDT">
      <class name="com.data.driven.DataDrivenTest">
        <test-method status="PASS" signature="setUp()[pri:0, instance:com.data.driven.DataDrivenTest@396f6598]" name="setUp" is-config="true" duration-ms="7180" started-at="2020-09-02T23:24:19 CDT" finished-at="2020-09-02T23:24:26 CDT">
          <reporter-output>
          </reporter-output>
        </test-method> <!-- setUp -->
        <test-method status="PASS" signature="dataDrivenTest()[pri:0, instance:com.data.driven.DataDrivenTest@396f6598]" name="dataDrivenTest" duration-ms="5184" started-at="2020-09-02T23:24:26 CDT" finished-at="2020-09-02T23:24:31 CDT">
          <reporter-output>
          </reporter-output>
        </test-method> <!-- dataDrivenTest -->
        <test-method status="PASS" signature="tearDown()[pri:0, instance:com.data.driven.DataDrivenTest@396f6598]" name="tearDown" is-config="true" duration-ms="677" started-at="2020-09-02T23:24:31 CDT" finished-at="2020-09-02T23:24:32 CDT">
          <reporter-output>
          </reporter-output>
        </test-method> <!-- tearDown -->
      </class> <!-- com.data.driven.DataDrivenTest -->
    </test> <!-- Test -->
  </suite> <!-- Suite -->
</testng-results>
